<?xml version="1.0" encoding="UTF-8"?>
<!-- Generated by org.testng.reporters.JUnitXMLReporter -->
<testsuite ignored="0" hostname="LTIN511599" failures="0" tests="6" name="Test_chrome" time="58.71" errors="0" timestamp="2024-02-28T22:52:28 IST">
  <testcase classname="TestCases.TC_01_Firstpage" name="Webdevinput" time="7.534"/>
  <testcase classname="TestCases.TC_01_Firstpage" name="filterResult" time="3.538"/>
  <testcase classname="TestCases.TC_01_Firstpage" name="fetchCourseDetails" time="8.071"/>
  <testcase classname="TestCases.TC_02_errorcapture" name="fillForm" time="12.302"/>
  <testcase classname="TestCases.TC_02_errorcapture" name="submit" time="0.107"/>
  <testcase classname="TestCases.TC_02_errorcapture" name="printErrorMessage" time="0.029"/>
</testsuite> <!-- Test_chrome -->
